<?xml version="1.0" encoding="UTF-8"?>
<testsuite xmlns:xsi="http://www.w3.org/2001/XMLSchema-instance" xsi:noNamespaceSchemaLocation="https://maven.apache.org/surefire/maven-surefire-plugin/xsd/surefire-test-report.xsd" name="com.antra.evaluation.reporting_system.PDFTest" time="0.001" tests="2" errors="0" skipped="0" failures="0">
  <properties>
    <property name="java.specification.version" value="16"/>
    <property name="sun.cpu.isalist" value="amd64"/>
    <property name="sun.jnu.encoding" value="MS950"/>
    <property name="java.class.path" value="D:\Antra\reporting_system_aws\reporting_system_aws\PDFService\target\test-classes;D:\Antra\reporting_system_aws\reporting_system_aws\PDFService\target\classes;C:\Users\Marvin\.m2\repository\org\springframework\boot\spring-boot-starter-web\2.3.3.RELEASE\spring-boot-starter-web-2.3.3.RELEASE.jar;C:\Users\Marvin\.m2\repository\org\springframework\boot\spring-boot-starter\2.3.3.RELEASE\spring-boot-starter-2.3.3.RELEASE.jar;C:\Users\Marvin\.m2\repository\org\springframework\boot\spring-boot-starter-logging\2.3.3.RELEASE\spring-boot-starter-logging-2.3.3.RELEASE.jar;C:\Users\Marvin\.m2\repository\ch\qos\logback\logback-classic\1.2.3\logback-classic-1.2.3.jar;C:\Users\Marvin\.m2\repository\ch\qos\logback\logback-core\1.2.3\logback-core-1.2.3.jar;C:\Users\Marvin\.m2\repository\org\apache\logging\log4j\log4j-to-slf4j\2.13.3\log4j-to-slf4j-2.13.3.jar;C:\Users\Marvin\.m2\repository\org\apache\logging\log4j\log4j-api\2.13.3\log4j-api-2.13.3.jar;C:\Users\Marvin\.m2\repository\org\slf4j\jul-to-slf4j\1.7.30\jul-to-slf4j-1.7.30.jar;C:\Users\Marvin\.m2\repository\jakarta\annotation\jakarta.annotation-api\1.3.5\jakarta.annotation-api-1.3.5.jar;C:\Users\Marvin\.m2\repository\org\yaml\snakeyaml\1.26\snakeyaml-1.26.jar;C:\Users\Marvin\.m2\repository\org\springframework\boot\spring-boot-starter-json\2.3.3.RELEASE\spring-boot-starter-json-2.3.3.RELEASE.jar;C:\Users\Marvin\.m2\repository\com\fasterxml\jackson\datatype\jackson-datatype-jdk8\2.11.2\jackson-datatype-jdk8-2.11.2.jar;C:\Users\Marvin\.m2\repository\com\fasterxml\jackson\datatype\jackson-datatype-jsr310\2.11.2\jackson-datatype-jsr310-2.11.2.jar;C:\Users\Marvin\.m2\repository\com\fasterxml\jackson\module\jackson-module-parameter-names\2.11.2\jackson-module-parameter-names-2.11.2.jar;C:\Users\Marvin\.m2\repository\org\springframework\boot\spring-boot-starter-tomcat\2.3.3.RELEASE\spring-boot-starter-tomcat-2.3.3.RELEASE.jar;C:\Users\Marvin\.m2\repository\org\apache\tomcat\embed\tomcat-embed-core\9.0.37\tomcat-embed-core-9.0.37.jar;C:\Users\Marvin\.m2\repository\org\glassfish\jakarta.el\3.0.3\jakarta.el-3.0.3.jar;C:\Users\Marvin\.m2\repository\org\apache\tomcat\embed\tomcat-embed-websocket\9.0.37\tomcat-embed-websocket-9.0.37.jar;C:\Users\Marvin\.m2\repository\org\springframework\spring-web\5.2.8.RELEASE\spring-web-5.2.8.RELEASE.jar;C:\Users\Marvin\.m2\repository\org\springframework\spring-beans\5.2.8.RELEASE\spring-beans-5.2.8.RELEASE.jar;C:\Users\Marvin\.m2\repository\org\springframework\spring-webmvc\5.2.8.RELEASE\spring-webmvc-5.2.8.RELEASE.jar;C:\Users\Marvin\.m2\repository\org\springframework\spring-aop\5.2.8.RELEASE\spring-aop-5.2.8.RELEASE.jar;C:\Users\Marvin\.m2\repository\org\springframework\spring-context\5.2.8.RELEASE\spring-context-5.2.8.RELEASE.jar;C:\Users\Marvin\.m2\repository\org\springframework\spring-expression\5.2.8.RELEASE\spring-expression-5.2.8.RELEASE.jar;C:\Users\Marvin\.m2\repository\io\springfox\springfox-swagger2\2.9.2\springfox-swagger2-2.9.2.jar;C:\Users\Marvin\.m2\repository\io\swagger\swagger-annotations\1.5.20\swagger-annotations-1.5.20.jar;C:\Users\Marvin\.m2\repository\io\swagger\swagger-models\1.5.20\swagger-models-1.5.20.jar;C:\Users\Marvin\.m2\repository\io\springfox\springfox-spi\2.9.2\springfox-spi-2.9.2.jar;C:\Users\Marvin\.m2\repository\io\springfox\springfox-core\2.9.2\springfox-core-2.9.2.jar;C:\Users\Marvin\.m2\repository\io\springfox\springfox-schema\2.9.2\springfox-schema-2.9.2.jar;C:\Users\Marvin\.m2\repository\io\springfox\springfox-swagger-common\2.9.2\springfox-swagger-common-2.9.2.jar;C:\Users\Marvin\.m2\repository\io\springfox\springfox-spring-web\2.9.2\springfox-spring-web-2.9.2.jar;C:\Users\Marvin\.m2\repository\com\google\guava\guava\20.0\guava-20.0.jar;C:\Users\Marvin\.m2\repository\com\fasterxml\classmate\1.5.1\classmate-1.5.1.jar;C:\Users\Marvin\.m2\repository\org\slf4j\slf4j-api\1.7.30\slf4j-api-1.7.30.jar;C:\Users\Marvin\.m2\repository\org\springframework\plugin\spring-plugin-core\1.2.0.RELEASE\spring-plugin-core-1.2.0.RELEASE.jar;C:\Users\Marvin\.m2\repository\org\springframework\plugin\spring-plugin-metadata\1.2.0.RELEASE\spring-plugin-metadata-1.2.0.RELEASE.jar;C:\Users\Marvin\.m2\repository\org\mapstruct\mapstruct\1.2.0.Final\mapstruct-1.2.0.Final.jar;C:\Users\Marvin\.m2\repository\io\springfox\springfox-swagger-ui\2.0.2\springfox-swagger-ui-2.0.2.jar;C:\Users\Marvin\.m2\repository\javax\xml\bind\jaxb-api\2.3.0\jaxb-api-2.3.0.jar;C:\Users\Marvin\.m2\repository\org\apache\poi\poi\4.1.0\poi-4.1.0.jar;C:\Users\Marvin\.m2\repository\commons-codec\commons-codec\1.14\commons-codec-1.14.jar;C:\Users\Marvin\.m2\repository\org\apache\commons\commons-collections4\4.3\commons-collections4-4.3.jar;C:\Users\Marvin\.m2\repository\org\apache\commons\commons-math3\3.6.1\commons-math3-3.6.1.jar;C:\Users\Marvin\.m2\repository\org\apache\poi\poi-ooxml\4.1.0\poi-ooxml-4.1.0.jar;C:\Users\Marvin\.m2\repository\org\apache\commons\commons-compress\1.18\commons-compress-1.18.jar;C:\Users\Marvin\.m2\repository\com\github\virtuald\curvesapi\1.06\curvesapi-1.06.jar;C:\Users\Marvin\.m2\repository\org\apache\poi\poi-scratchpad\4.1.0\poi-scratchpad-4.1.0.jar;C:\Users\Marvin\.m2\repository\org\apache\poi\poi-ooxml-schemas\4.1.0\poi-ooxml-schemas-4.1.0.jar;C:\Users\Marvin\.m2\repository\org\apache\xmlbeans\xmlbeans\3.1.0\xmlbeans-3.1.0.jar;C:\Users\Marvin\.m2\repository\fr\opensagres\xdocreport\fr.opensagres.poi.xwpf.converter.pdf\2.0.2\fr.opensagres.poi.xwpf.converter.pdf-2.0.2.jar;C:\Users\Marvin\.m2\repository\fr\opensagres\xdocreport\fr.opensagres.poi.xwpf.converter.core\2.0.2\fr.opensagres.poi.xwpf.converter.core-2.0.2.jar;C:\Users\Marvin\.m2\repository\org\apache\poi\ooxml-schemas\1.4\ooxml-schemas-1.4.jar;C:\Users\Marvin\.m2\repository\fr\opensagres\xdocreport\fr.opensagres.xdocreport.itext.extension\2.0.2\fr.opensagres.xdocreport.itext.extension-2.0.2.jar;C:\Users\Marvin\.m2\repository\org\springframework\boot\spring-boot-devtools\2.3.3.RELEASE\spring-boot-devtools-2.3.3.RELEASE.jar;C:\Users\Marvin\.m2\repository\org\springframework\boot\spring-boot\2.3.3.RELEASE\spring-boot-2.3.3.RELEASE.jar;C:\Users\Marvin\.m2\repository\org\springframework\boot\spring-boot-autoconfigure\2.3.3.RELEASE\spring-boot-autoconfigure-2.3.3.RELEASE.jar;C:\Users\Marvin\.m2\repository\org\springframework\boot\spring-boot-starter-test\2.3.3.RELEASE\spring-boot-starter-test-2.3.3.RELEASE.jar;C:\Users\Marvin\.m2\repository\org\springframework\boot\spring-boot-test\2.3.3.RELEASE\spring-boot-test-2.3.3.RELEASE.jar;C:\Users\Marvin\.m2\repository\org\springframework\boot\spring-boot-test-autoconfigure\2.3.3.RELEASE\spring-boot-test-autoconfigure-2.3.3.RELEASE.jar;C:\Users\Marvin\.m2\repository\com\jayway\jsonpath\json-path\2.4.0\json-path-2.4.0.jar;C:\Users\Marvin\.m2\repository\net\minidev\json-smart\2.3\json-smart-2.3.jar;C:\Users\Marvin\.m2\repository\net\minidev\accessors-smart\1.2\accessors-smart-1.2.jar;C:\Users\Marvin\.m2\repository\org\ow2\asm\asm\5.0.4\asm-5.0.4.jar;C:\Users\Marvin\.m2\repository\jakarta\xml\bind\jakarta.xml.bind-api\2.3.3\jakarta.xml.bind-api-2.3.3.jar;C:\Users\Marvin\.m2\repository\jakarta\activation\jakarta.activation-api\1.2.2\jakarta.activation-api-1.2.2.jar;C:\Users\Marvin\.m2\repository\org\assertj\assertj-core\3.16.1\assertj-core-3.16.1.jar;C:\Users\Marvin\.m2\repository\org\hamcrest\hamcrest\2.2\hamcrest-2.2.jar;C:\Users\Marvin\.m2\repository\org\junit\jupiter\junit-jupiter\5.6.2\junit-jupiter-5.6.2.jar;C:\Users\Marvin\.m2\repository\org\junit\jupiter\junit-jupiter-api\5.6.2\junit-jupiter-api-5.6.2.jar;C:\Users\Marvin\.m2\repository\org\apiguardian\apiguardian-api\1.1.0\apiguardian-api-1.1.0.jar;C:\Users\Marvin\.m2\repository\org\opentest4j\opentest4j\1.2.0\opentest4j-1.2.0.jar;C:\Users\Marvin\.m2\repository\org\junit\platform\junit-platform-commons\1.6.2\junit-platform-commons-1.6.2.jar;C:\Users\Marvin\.m2\repository\org\junit\jupiter\junit-jupiter-params\5.6.2\junit-jupiter-params-5.6.2.jar;C:\Users\Marvin\.m2\repository\org\junit\jupiter\junit-jupiter-engine\5.6.2\junit-jupiter-engine-5.6.2.jar;C:\Users\Marvin\.m2\repository\org\junit\platform\junit-platform-engine\1.6.2\junit-platform-engine-1.6.2.jar;C:\Users\Marvin\.m2\repository\org\mockito\mockito-core\3.3.3\mockito-core-3.3.3.jar;C:\Users\Marvin\.m2\repository\net\bytebuddy\byte-buddy\1.10.14\byte-buddy-1.10.14.jar;C:\Users\Marvin\.m2\repository\net\bytebuddy\byte-buddy-agent\1.10.14\byte-buddy-agent-1.10.14.jar;C:\Users\Marvin\.m2\repository\org\objenesis\objenesis\2.6\objenesis-2.6.jar;C:\Users\Marvin\.m2\repository\org\mockito\mockito-junit-jupiter\3.3.3\mockito-junit-jupiter-3.3.3.jar;C:\Users\Marvin\.m2\repository\org\skyscreamer\jsonassert\1.5.0\jsonassert-1.5.0.jar;C:\Users\Marvin\.m2\repository\com\vaadin\external\google\android-json\0.0.20131108.vaadin1\android-json-0.0.20131108.vaadin1.jar;C:\Users\Marvin\.m2\repository\org\springframework\spring-core\5.2.8.RELEASE\spring-core-5.2.8.RELEASE.jar;C:\Users\Marvin\.m2\repository\org\springframework\spring-jcl\5.2.8.RELEASE\spring-jcl-5.2.8.RELEASE.jar;C:\Users\Marvin\.m2\repository\org\springframework\spring-test\5.2.8.RELEASE\spring-test-5.2.8.RELEASE.jar;C:\Users\Marvin\.m2\repository\org\xmlunit\xmlunit-core\2.7.0\xmlunit-core-2.7.0.jar;C:\Users\Marvin\.m2\repository\io\rest-assured\spring-mock-mvc\3.0.7\spring-mock-mvc-3.0.7.jar;C:\Users\Marvin\.m2\repository\io\rest-assured\rest-assured\3.3.0\rest-assured-3.3.0.jar;C:\Users\Marvin\.m2\repository\org\codehaus\groovy\groovy\2.5.13\groovy-2.5.13.jar;C:\Users\Marvin\.m2\repository\org\codehaus\groovy\groovy-xml\2.5.13\groovy-xml-2.5.13.jar;C:\Users\Marvin\.m2\repository\org\apache\httpcomponents\httpclient\4.5.12\httpclient-4.5.12.jar;C:\Users\Marvin\.m2\repository\org\apache\httpcomponents\httpcore\4.4.13\httpcore-4.4.13.jar;C:\Users\Marvin\.m2\repository\org\apache\httpcomponents\httpmime\4.5.12\httpmime-4.5.12.jar;C:\Users\Marvin\.m2\repository\org\hamcrest\hamcrest-core\2.2\hamcrest-core-2.2.jar;C:\Users\Marvin\.m2\repository\org\hamcrest\hamcrest-library\2.2\hamcrest-library-2.2.jar;C:\Users\Marvin\.m2\repository\org\ccil\cowan\tagsoup\tagsoup\1.2.1\tagsoup-1.2.1.jar;C:\Users\Marvin\.m2\repository\io\rest-assured\json-path\3.3.0\json-path-3.3.0.jar;C:\Users\Marvin\.m2\repository\org\codehaus\groovy\groovy-json\2.5.13\groovy-json-2.5.13.jar;C:\Users\Marvin\.m2\repository\io\rest-assured\rest-assured-common\3.3.0\rest-assured-common-3.3.0.jar;C:\Users\Marvin\.m2\repository\io\rest-assured\xml-path\3.3.0\xml-path-3.3.0.jar;C:\Users\Marvin\.m2\repository\com\sun\xml\bind\jaxb-osgi\2.2.10\jaxb-osgi-2.2.10.jar;C:\Users\Marvin\.m2\repository\org\apache\sling\org.apache.sling.javax.activation\0.1.0\org.apache.sling.javax.activation-0.1.0.jar;C:\Users\Marvin\.m2\repository\javax\activation\activation\1.1.1\activation-1.1.1.jar;C:\Users\Marvin\.m2\repository\org\hamcrest\hamcrest-all\1.3\hamcrest-all-1.3.jar;C:\Users\Marvin\.m2\repository\org\springframework\cloud\spring-cloud-aws-messaging\2.2.1.RELEASE\spring-cloud-aws-messaging-2.2.1.RELEASE.jar;C:\Users\Marvin\.m2\repository\org\springframework\cloud\spring-cloud-aws-context\2.2.1.RELEASE\spring-cloud-aws-context-2.2.1.RELEASE.jar;C:\Users\Marvin\.m2\repository\org\springframework\cloud\spring-cloud-aws-core\2.2.1.RELEASE\spring-cloud-aws-core-2.2.1.RELEASE.jar;C:\Users\Marvin\.m2\repository\com\amazonaws\aws-java-sdk-s3\1.11.415\aws-java-sdk-s3-1.11.415.jar;C:\Users\Marvin\.m2\repository\com\amazonaws\aws-java-sdk-kms\1.11.415\aws-java-sdk-kms-1.11.415.jar;C:\Users\Marvin\.m2\repository\com\amazonaws\aws-java-sdk-ec2\1.11.415\aws-java-sdk-ec2-1.11.415.jar;C:\Users\Marvin\.m2\repository\com\amazonaws\aws-java-sdk-cloudformation\1.11.415\aws-java-sdk-cloudformation-1.11.415.jar;C:\Users\Marvin\.m2\repository\com\amazonaws\aws-java-sdk-sns\1.11.415\aws-java-sdk-sns-1.11.415.jar;C:\Users\Marvin\.m2\repository\com\amazonaws\aws-java-sdk-core\1.11.415\aws-java-sdk-core-1.11.415.jar;C:\Users\Marvin\.m2\repository\software\amazon\ion\ion-java\1.0.2\ion-java-1.0.2.jar;C:\Users\Marvin\.m2\repository\com\fasterxml\jackson\dataformat\jackson-dataformat-cbor\2.11.2\jackson-dataformat-cbor-2.11.2.jar;C:\Users\Marvin\.m2\repository\joda-time\joda-time\2.8.1\joda-time-2.8.1.jar;C:\Users\Marvin\.m2\repository\com\amazonaws\jmespath-java\1.11.415\jmespath-java-1.11.415.jar;C:\Users\Marvin\.m2\repository\com\amazonaws\aws-java-sdk-sqs\1.11.415\aws-java-sdk-sqs-1.11.415.jar;C:\Users\Marvin\.m2\repository\org\springframework\spring-messaging\5.2.8.RELEASE\spring-messaging-5.2.8.RELEASE.jar;C:\Users\Marvin\.m2\repository\javax\activation\javax.activation-api\1.2.0\javax.activation-api-1.2.0.jar;C:\Users\Marvin\.m2\repository\org\springframework\cloud\spring-cloud-starter-aws\2.2.1.RELEASE\spring-cloud-starter-aws-2.2.1.RELEASE.jar;C:\Users\Marvin\.m2\repository\org\springframework\cloud\spring-cloud-aws-autoconfigure\2.2.1.RELEASE\spring-cloud-aws-autoconfigure-2.2.1.RELEASE.jar;C:\Users\Marvin\.m2\repository\org\springframework\boot\spring-boot-starter-data-mongodb\2.3.3.RELEASE\spring-boot-starter-data-mongodb-2.3.3.RELEASE.jar;C:\Users\Marvin\.m2\repository\org\mongodb\mongodb-driver-sync\4.0.5\mongodb-driver-sync-4.0.5.jar;C:\Users\Marvin\.m2\repository\org\mongodb\bson\4.0.5\bson-4.0.5.jar;C:\Users\Marvin\.m2\repository\org\mongodb\mongodb-driver-core\4.0.5\mongodb-driver-core-4.0.5.jar;C:\Users\Marvin\.m2\repository\org\springframework\data\spring-data-mongodb\3.0.3.RELEASE\spring-data-mongodb-3.0.3.RELEASE.jar;C:\Users\Marvin\.m2\repository\org\springframework\spring-tx\5.2.8.RELEASE\spring-tx-5.2.8.RELEASE.jar;C:\Users\Marvin\.m2\repository\org\springframework\data\spring-data-commons\2.3.3.RELEASE\spring-data-commons-2.3.3.RELEASE.jar;C:\Users\Marvin\.m2\repository\de\flapdoodle\embed\de.flapdoodle.embed.mongo\2.2.0\de.flapdoodle.embed.mongo-2.2.0.jar;C:\Users\Marvin\.m2\repository\de\flapdoodle\embed\de.flapdoodle.embed.process\2.1.2\de.flapdoodle.embed.process-2.1.2.jar;C:\Users\Marvin\.m2\repository\org\apache\commons\commons-lang3\3.10\commons-lang3-3.10.jar;C:\Users\Marvin\.m2\repository\net\java\dev\jna\jna\4.0.0\jna-4.0.0.jar;C:\Users\Marvin\.m2\repository\net\java\dev\jna\jna-platform\4.0.0\jna-platform-4.0.0.jar;C:\Users\Marvin\.m2\repository\net\sf\jasperreports\jasperreports\6.15.0\jasperreports-6.15.0.jar;C:\Users\Marvin\.m2\repository\commons-beanutils\commons-beanutils\1.9.4\commons-beanutils-1.9.4.jar;C:\Users\Marvin\.m2\repository\commons-collections\commons-collections\3.2.2\commons-collections-3.2.2.jar;C:\Users\Marvin\.m2\repository\commons-digester\commons-digester\2.1\commons-digester-2.1.jar;C:\Users\Marvin\.m2\repository\commons-logging\commons-logging\1.1.1\commons-logging-1.1.1.jar;C:\Users\Marvin\.m2\repository\com\lowagie\itext\2.1.7.js8\itext-2.1.7.js8.jar;C:\Users\Marvin\.m2\repository\org\bouncycastle\bcprov-jdk15on\1.64\bcprov-jdk15on-1.64.jar;C:\Users\Marvin\.m2\repository\org\jfree\jcommon\1.0.23\jcommon-1.0.23.jar;C:\Users\Marvin\.m2\repository\org\jfree\jfreechart\1.0.19\jfreechart-1.0.19.jar;C:\Users\Marvin\.m2\repository\org\eclipse\jdt\ecj\3.21.0\ecj-3.21.0.jar;C:\Users\Marvin\.m2\repository\org\codehaus\castor\castor-xml\1.4.1\castor-xml-1.4.1.jar;C:\Users\Marvin\.m2\repository\org\codehaus\castor\castor-core\1.4.1\castor-core-1.4.1.jar;C:\Users\Marvin\.m2\repository\javax\inject\javax.inject\1\javax.inject-1.jar;C:\Users\Marvin\.m2\repository\com\fasterxml\jackson\core\jackson-core\2.11.2\jackson-core-2.11.2.jar;C:\Users\Marvin\.m2\repository\com\fasterxml\jackson\core\jackson-databind\2.11.2\jackson-databind-2.11.2.jar;C:\Users\Marvin\.m2\repository\com\fasterxml\jackson\core\jackson-annotations\2.11.2\jackson-annotations-2.11.2.jar;"/>
    <property name="java.vm.vendor" value="Oracle Corporation"/>
    <property name="sun.arch.data.model" value="64"/>
    <property name="user.variant" value=""/>
    <property name="java.vendor.url" value="https://java.oracle.com/"/>
    <property name="user.timezone" value="America/Los_Angeles"/>
    <property name="os.name" value="Windows 10"/>
    <property name="java.vm.specification.version" value="16"/>
    <property name="sun.java.launcher" value="SUN_STANDARD"/>
    <property name="user.country" value="US"/>
    <property name="sun.boot.library.path" value="C:\Program Files\Java\jdk-16.0.1\bin"/>
    <property name="sun.java.command" value="C:\Users\Marvin\AppData\Local\Temp\surefire3188441637469590004\surefirebooter16177618578367635206.jar C:\Users\Marvin\AppData\Local\Temp\surefire3188441637469590004 2021-07-22T16-45-17_915-jvmRun1 surefire5562811282483897670tmp surefire_010790239282678017467tmp"/>
    <property name="jdk.debug" value="release"/>
    <property name="surefire.test.class.path" value="D:\Antra\reporting_system_aws\reporting_system_aws\PDFService\target\test-classes;D:\Antra\reporting_system_aws\reporting_system_aws\PDFService\target\classes;C:\Users\Marvin\.m2\repository\org\springframework\boot\spring-boot-starter-web\2.3.3.RELEASE\spring-boot-starter-web-2.3.3.RELEASE.jar;C:\Users\Marvin\.m2\repository\org\springframework\boot\spring-boot-starter\2.3.3.RELEASE\spring-boot-starter-2.3.3.RELEASE.jar;C:\Users\Marvin\.m2\repository\org\springframework\boot\spring-boot-starter-logging\2.3.3.RELEASE\spring-boot-starter-logging-2.3.3.RELEASE.jar;C:\Users\Marvin\.m2\repository\ch\qos\logback\logback-classic\1.2.3\logback-classic-1.2.3.jar;C:\Users\Marvin\.m2\repository\ch\qos\logback\logback-core\1.2.3\logback-core-1.2.3.jar;C:\Users\Marvin\.m2\repository\org\apache\logging\log4j\log4j-to-slf4j\2.13.3\log4j-to-slf4j-2.13.3.jar;C:\Users\Marvin\.m2\repository\org\apache\logging\log4j\log4j-api\2.13.3\log4j-api-2.13.3.jar;C:\Users\Marvin\.m2\repository\org\slf4j\jul-to-slf4j\1.7.30\jul-to-slf4j-1.7.30.jar;C:\Users\Marvin\.m2\repository\jakarta\annotation\jakarta.annotation-api\1.3.5\jakarta.annotation-api-1.3.5.jar;C:\Users\Marvin\.m2\repository\org\yaml\snakeyaml\1.26\snakeyaml-1.26.jar;C:\Users\Marvin\.m2\repository\org\springframework\boot\spring-boot-starter-json\2.3.3.RELEASE\spring-boot-starter-json-2.3.3.RELEASE.jar;C:\Users\Marvin\.m2\repository\com\fasterxml\jackson\datatype\jackson-datatype-jdk8\2.11.2\jackson-datatype-jdk8-2.11.2.jar;C:\Users\Marvin\.m2\repository\com\fasterxml\jackson\datatype\jackson-datatype-jsr310\2.11.2\jackson-datatype-jsr310-2.11.2.jar;C:\Users\Marvin\.m2\repository\com\fasterxml\jackson\module\jackson-module-parameter-names\2.11.2\jackson-module-parameter-names-2.11.2.jar;C:\Users\Marvin\.m2\repository\org\springframework\boot\spring-boot-starter-tomcat\2.3.3.RELEASE\spring-boot-starter-tomcat-2.3.3.RELEASE.jar;C:\Users\Marvin\.m2\repository\org\apache\tomcat\embed\tomcat-embed-core\9.0.37\tomcat-embed-core-9.0.37.jar;C:\Users\Marvin\.m2\repository\org\glassfish\jakarta.el\3.0.3\jakarta.el-3.0.3.jar;C:\Users\Marvin\.m2\repository\org\apache\tomcat\embed\tomcat-embed-websocket\9.0.37\tomcat-embed-websocket-9.0.37.jar;C:\Users\Marvin\.m2\repository\org\springframework\spring-web\5.2.8.RELEASE\spring-web-5.2.8.RELEASE.jar;C:\Users\Marvin\.m2\repository\org\springframework\spring-beans\5.2.8.RELEASE\spring-beans-5.2.8.RELEASE.jar;C:\Users\Marvin\.m2\repository\org\springframework\spring-webmvc\5.2.8.RELEASE\spring-webmvc-5.2.8.RELEASE.jar;C:\Users\Marvin\.m2\repository\org\springframework\spring-aop\5.2.8.RELEASE\spring-aop-5.2.8.RELEASE.jar;C:\Users\Marvin\.m2\repository\org\springframework\spring-context\5.2.8.RELEASE\spring-context-5.2.8.RELEASE.jar;C:\Users\Marvin\.m2\repository\org\springframework\spring-expression\5.2.8.RELEASE\spring-expression-5.2.8.RELEASE.jar;C:\Users\Marvin\.m2\repository\io\springfox\springfox-swagger2\2.9.2\springfox-swagger2-2.9.2.jar;C:\Users\Marvin\.m2\repository\io\swagger\swagger-annotations\1.5.20\swagger-annotations-1.5.20.jar;C:\Users\Marvin\.m2\repository\io\swagger\swagger-models\1.5.20\swagger-models-1.5.20.jar;C:\Users\Marvin\.m2\repository\io\springfox\springfox-spi\2.9.2\springfox-spi-2.9.2.jar;C:\Users\Marvin\.m2\repository\io\springfox\springfox-core\2.9.2\springfox-core-2.9.2.jar;C:\Users\Marvin\.m2\repository\io\springfox\springfox-schema\2.9.2\springfox-schema-2.9.2.jar;C:\Users\Marvin\.m2\repository\io\springfox\springfox-swagger-common\2.9.2\springfox-swagger-common-2.9.2.jar;C:\Users\Marvin\.m2\repository\io\springfox\springfox-spring-web\2.9.2\springfox-spring-web-2.9.2.jar;C:\Users\Marvin\.m2\repository\com\google\guava\guava\20.0\guava-20.0.jar;C:\Users\Marvin\.m2\repository\com\fasterxml\classmate\1.5.1\classmate-1.5.1.jar;C:\Users\Marvin\.m2\repository\org\slf4j\slf4j-api\1.7.30\slf4j-api-1.7.30.jar;C:\Users\Marvin\.m2\repository\org\springframework\plugin\spring-plugin-core\1.2.0.RELEASE\spring-plugin-core-1.2.0.RELEASE.jar;C:\Users\Marvin\.m2\repository\org\springframework\plugin\spring-plugin-metadata\1.2.0.RELEASE\spring-plugin-metadata-1.2.0.RELEASE.jar;C:\Users\Marvin\.m2\repository\org\mapstruct\mapstruct\1.2.0.Final\mapstruct-1.2.0.Final.jar;C:\Users\Marvin\.m2\repository\io\springfox\springfox-swagger-ui\2.0.2\springfox-swagger-ui-2.0.2.jar;C:\Users\Marvin\.m2\repository\javax\xml\bind\jaxb-api\2.3.0\jaxb-api-2.3.0.jar;C:\Users\Marvin\.m2\repository\org\apache\poi\poi\4.1.0\poi-4.1.0.jar;C:\Users\Marvin\.m2\repository\commons-codec\commons-codec\1.14\commons-codec-1.14.jar;C:\Users\Marvin\.m2\repository\org\apache\commons\commons-collections4\4.3\commons-collections4-4.3.jar;C:\Users\Marvin\.m2\repository\org\apache\commons\commons-math3\3.6.1\commons-math3-3.6.1.jar;C:\Users\Marvin\.m2\repository\org\apache\poi\poi-ooxml\4.1.0\poi-ooxml-4.1.0.jar;C:\Users\Marvin\.m2\repository\org\apache\commons\commons-compress\1.18\commons-compress-1.18.jar;C:\Users\Marvin\.m2\repository\com\github\virtuald\curvesapi\1.06\curvesapi-1.06.jar;C:\Users\Marvin\.m2\repository\org\apache\poi\poi-scratchpad\4.1.0\poi-scratchpad-4.1.0.jar;C:\Users\Marvin\.m2\repository\org\apache\poi\poi-ooxml-schemas\4.1.0\poi-ooxml-schemas-4.1.0.jar;C:\Users\Marvin\.m2\repository\org\apache\xmlbeans\xmlbeans\3.1.0\xmlbeans-3.1.0.jar;C:\Users\Marvin\.m2\repository\fr\opensagres\xdocreport\fr.opensagres.poi.xwpf.converter.pdf\2.0.2\fr.opensagres.poi.xwpf.converter.pdf-2.0.2.jar;C:\Users\Marvin\.m2\repository\fr\opensagres\xdocreport\fr.opensagres.poi.xwpf.converter.core\2.0.2\fr.opensagres.poi.xwpf.converter.core-2.0.2.jar;C:\Users\Marvin\.m2\repository\org\apache\poi\ooxml-schemas\1.4\ooxml-schemas-1.4.jar;C:\Users\Marvin\.m2\repository\fr\opensagres\xdocreport\fr.opensagres.xdocreport.itext.extension\2.0.2\fr.opensagres.xdocreport.itext.extension-2.0.2.jar;C:\Users\Marvin\.m2\repository\org\springframework\boot\spring-boot-devtools\2.3.3.RELEASE\spring-boot-devtools-2.3.3.RELEASE.jar;C:\Users\Marvin\.m2\repository\org\springframework\boot\spring-boot\2.3.3.RELEASE\spring-boot-2.3.3.RELEASE.jar;C:\Users\Marvin\.m2\repository\org\springframework\boot\spring-boot-autoconfigure\2.3.3.RELEASE\spring-boot-autoconfigure-2.3.3.RELEASE.jar;C:\Users\Marvin\.m2\repository\org\springframework\boot\spring-boot-starter-test\2.3.3.RELEASE\spring-boot-starter-test-2.3.3.RELEASE.jar;C:\Users\Marvin\.m2\repository\org\springframework\boot\spring-boot-test\2.3.3.RELEASE\spring-boot-test-2.3.3.RELEASE.jar;C:\Users\Marvin\.m2\repository\org\springframework\boot\spring-boot-test-autoconfigure\2.3.3.RELEASE\spring-boot-test-autoconfigure-2.3.3.RELEASE.jar;C:\Users\Marvin\.m2\repository\com\jayway\jsonpath\json-path\2.4.0\json-path-2.4.0.jar;C:\Users\Marvin\.m2\repository\net\minidev\json-smart\2.3\json-smart-2.3.jar;C:\Users\Marvin\.m2\repository\net\minidev\accessors-smart\1.2\accessors-smart-1.2.jar;C:\Users\Marvin\.m2\repository\org\ow2\asm\asm\5.0.4\asm-5.0.4.jar;C:\Users\Marvin\.m2\repository\jakarta\xml\bind\jakarta.xml.bind-api\2.3.3\jakarta.xml.bind-api-2.3.3.jar;C:\Users\Marvin\.m2\repository\jakarta\activation\jakarta.activation-api\1.2.2\jakarta.activation-api-1.2.2.jar;C:\Users\Marvin\.m2\repository\org\assertj\assertj-core\3.16.1\assertj-core-3.16.1.jar;C:\Users\Marvin\.m2\repository\org\hamcrest\hamcrest\2.2\hamcrest-2.2.jar;C:\Users\Marvin\.m2\repository\org\junit\jupiter\junit-jupiter\5.6.2\junit-jupiter-5.6.2.jar;C:\Users\Marvin\.m2\repository\org\junit\jupiter\junit-jupiter-api\5.6.2\junit-jupiter-api-5.6.2.jar;C:\Users\Marvin\.m2\repository\org\apiguardian\apiguardian-api\1.1.0\apiguardian-api-1.1.0.jar;C:\Users\Marvin\.m2\repository\org\opentest4j\opentest4j\1.2.0\opentest4j-1.2.0.jar;C:\Users\Marvin\.m2\repository\org\junit\platform\junit-platform-commons\1.6.2\junit-platform-commons-1.6.2.jar;C:\Users\Marvin\.m2\repository\org\junit\jupiter\junit-jupiter-params\5.6.2\junit-jupiter-params-5.6.2.jar;C:\Users\Marvin\.m2\repository\org\junit\jupiter\junit-jupiter-engine\5.6.2\junit-jupiter-engine-5.6.2.jar;C:\Users\Marvin\.m2\repository\org\junit\platform\junit-platform-engine\1.6.2\junit-platform-engine-1.6.2.jar;C:\Users\Marvin\.m2\repository\org\mockito\mockito-core\3.3.3\mockito-core-3.3.3.jar;C:\Users\Marvin\.m2\repository\net\bytebuddy\byte-buddy\1.10.14\byte-buddy-1.10.14.jar;C:\Users\Marvin\.m2\repository\net\bytebuddy\byte-buddy-agent\1.10.14\byte-buddy-agent-1.10.14.jar;C:\Users\Marvin\.m2\repository\org\objenesis\objenesis\2.6\objenesis-2.6.jar;C:\Users\Marvin\.m2\repository\org\mockito\mockito-junit-jupiter\3.3.3\mockito-junit-jupiter-3.3.3.jar;C:\Users\Marvin\.m2\repository\org\skyscreamer\jsonassert\1.5.0\jsonassert-1.5.0.jar;C:\Users\Marvin\.m2\repository\com\vaadin\external\google\android-json\0.0.20131108.vaadin1\android-json-0.0.20131108.vaadin1.jar;C:\Users\Marvin\.m2\repository\org\springframework\spring-core\5.2.8.RELEASE\spring-core-5.2.8.RELEASE.jar;C:\Users\Marvin\.m2\repository\org\springframework\spring-jcl\5.2.8.RELEASE\spring-jcl-5.2.8.RELEASE.jar;C:\Users\Marvin\.m2\repository\org\springframework\spring-test\5.2.8.RELEASE\spring-test-5.2.8.RELEASE.jar;C:\Users\Marvin\.m2\repository\org\xmlunit\xmlunit-core\2.7.0\xmlunit-core-2.7.0.jar;C:\Users\Marvin\.m2\repository\io\rest-assured\spring-mock-mvc\3.0.7\spring-mock-mvc-3.0.7.jar;C:\Users\Marvin\.m2\repository\io\rest-assured\rest-assured\3.3.0\rest-assured-3.3.0.jar;C:\Users\Marvin\.m2\repository\org\codehaus\groovy\groovy\2.5.13\groovy-2.5.13.jar;C:\Users\Marvin\.m2\repository\org\codehaus\groovy\groovy-xml\2.5.13\groovy-xml-2.5.13.jar;C:\Users\Marvin\.m2\repository\org\apache\httpcomponents\httpclient\4.5.12\httpclient-4.5.12.jar;C:\Users\Marvin\.m2\repository\org\apache\httpcomponents\httpcore\4.4.13\httpcore-4.4.13.jar;C:\Users\Marvin\.m2\repository\org\apache\httpcomponents\httpmime\4.5.12\httpmime-4.5.12.jar;C:\Users\Marvin\.m2\repository\org\hamcrest\hamcrest-core\2.2\hamcrest-core-2.2.jar;C:\Users\Marvin\.m2\repository\org\hamcrest\hamcrest-library\2.2\hamcrest-library-2.2.jar;C:\Users\Marvin\.m2\repository\org\ccil\cowan\tagsoup\tagsoup\1.2.1\tagsoup-1.2.1.jar;C:\Users\Marvin\.m2\repository\io\rest-assured\json-path\3.3.0\json-path-3.3.0.jar;C:\Users\Marvin\.m2\repository\org\codehaus\groovy\groovy-json\2.5.13\groovy-json-2.5.13.jar;C:\Users\Marvin\.m2\repository\io\rest-assured\rest-assured-common\3.3.0\rest-assured-common-3.3.0.jar;C:\Users\Marvin\.m2\repository\io\rest-assured\xml-path\3.3.0\xml-path-3.3.0.jar;C:\Users\Marvin\.m2\repository\com\sun\xml\bind\jaxb-osgi\2.2.10\jaxb-osgi-2.2.10.jar;C:\Users\Marvin\.m2\repository\org\apache\sling\org.apache.sling.javax.activation\0.1.0\org.apache.sling.javax.activation-0.1.0.jar;C:\Users\Marvin\.m2\repository\javax\activation\activation\1.1.1\activation-1.1.1.jar;C:\Users\Marvin\.m2\repository\org\hamcrest\hamcrest-all\1.3\hamcrest-all-1.3.jar;C:\Users\Marvin\.m2\repository\org\springframework\cloud\spring-cloud-aws-messaging\2.2.1.RELEASE\spring-cloud-aws-messaging-2.2.1.RELEASE.jar;C:\Users\Marvin\.m2\repository\org\springframework\cloud\spring-cloud-aws-context\2.2.1.RELEASE\spring-cloud-aws-context-2.2.1.RELEASE.jar;C:\Users\Marvin\.m2\repository\org\springframework\cloud\spring-cloud-aws-core\2.2.1.RELEASE\spring-cloud-aws-core-2.2.1.RELEASE.jar;C:\Users\Marvin\.m2\repository\com\amazonaws\aws-java-sdk-s3\1.11.415\aws-java-sdk-s3-1.11.415.jar;C:\Users\Marvin\.m2\repository\com\amazonaws\aws-java-sdk-kms\1.11.415\aws-java-sdk-kms-1.11.415.jar;C:\Users\Marvin\.m2\repository\com\amazonaws\aws-java-sdk-ec2\1.11.415\aws-java-sdk-ec2-1.11.415.jar;C:\Users\Marvin\.m2\repository\com\amazonaws\aws-java-sdk-cloudformation\1.11.415\aws-java-sdk-cloudformation-1.11.415.jar;C:\Users\Marvin\.m2\repository\com\amazonaws\aws-java-sdk-sns\1.11.415\aws-java-sdk-sns-1.11.415.jar;C:\Users\Marvin\.m2\repository\com\amazonaws\aws-java-sdk-core\1.11.415\aws-java-sdk-core-1.11.415.jar;C:\Users\Marvin\.m2\repository\software\amazon\ion\ion-java\1.0.2\ion-java-1.0.2.jar;C:\Users\Marvin\.m2\repository\com\fasterxml\jackson\dataformat\jackson-dataformat-cbor\2.11.2\jackson-dataformat-cbor-2.11.2.jar;C:\Users\Marvin\.m2\repository\joda-time\joda-time\2.8.1\joda-time-2.8.1.jar;C:\Users\Marvin\.m2\repository\com\amazonaws\jmespath-java\1.11.415\jmespath-java-1.11.415.jar;C:\Users\Marvin\.m2\repository\com\amazonaws\aws-java-sdk-sqs\1.11.415\aws-java-sdk-sqs-1.11.415.jar;C:\Users\Marvin\.m2\repository\org\springframework\spring-messaging\5.2.8.RELEASE\spring-messaging-5.2.8.RELEASE.jar;C:\Users\Marvin\.m2\repository\javax\activation\javax.activation-api\1.2.0\javax.activation-api-1.2.0.jar;C:\Users\Marvin\.m2\repository\org\springframework\cloud\spring-cloud-starter-aws\2.2.1.RELEASE\spring-cloud-starter-aws-2.2.1.RELEASE.jar;C:\Users\Marvin\.m2\repository\org\springframework\cloud\spring-cloud-aws-autoconfigure\2.2.1.RELEASE\spring-cloud-aws-autoconfigure-2.2.1.RELEASE.jar;C:\Users\Marvin\.m2\repository\org\springframework\boot\spring-boot-starter-data-mongodb\2.3.3.RELEASE\spring-boot-starter-data-mongodb-2.3.3.RELEASE.jar;C:\Users\Marvin\.m2\repository\org\mongodb\mongodb-driver-sync\4.0.5\mongodb-driver-sync-4.0.5.jar;C:\Users\Marvin\.m2\repository\org\mongodb\bson\4.0.5\bson-4.0.5.jar;C:\Users\Marvin\.m2\repository\org\mongodb\mongodb-driver-core\4.0.5\mongodb-driver-core-4.0.5.jar;C:\Users\Marvin\.m2\repository\org\springframework\data\spring-data-mongodb\3.0.3.RELEASE\spring-data-mongodb-3.0.3.RELEASE.jar;C:\Users\Marvin\.m2\repository\org\springframework\spring-tx\5.2.8.RELEASE\spring-tx-5.2.8.RELEASE.jar;C:\Users\Marvin\.m2\repository\org\springframework\data\spring-data-commons\2.3.3.RELEASE\spring-data-commons-2.3.3.RELEASE.jar;C:\Users\Marvin\.m2\repository\de\flapdoodle\embed\de.flapdoodle.embed.mongo\2.2.0\de.flapdoodle.embed.mongo-2.2.0.jar;C:\Users\Marvin\.m2\repository\de\flapdoodle\embed\de.flapdoodle.embed.process\2.1.2\de.flapdoodle.embed.process-2.1.2.jar;C:\Users\Marvin\.m2\repository\org\apache\commons\commons-lang3\3.10\commons-lang3-3.10.jar;C:\Users\Marvin\.m2\repository\net\java\dev\jna\jna\4.0.0\jna-4.0.0.jar;C:\Users\Marvin\.m2\repository\net\java\dev\jna\jna-platform\4.0.0\jna-platform-4.0.0.jar;C:\Users\Marvin\.m2\repository\net\sf\jasperreports\jasperreports\6.15.0\jasperreports-6.15.0.jar;C:\Users\Marvin\.m2\repository\commons-beanutils\commons-beanutils\1.9.4\commons-beanutils-1.9.4.jar;C:\Users\Marvin\.m2\repository\commons-collections\commons-collections\3.2.2\commons-collections-3.2.2.jar;C:\Users\Marvin\.m2\repository\commons-digester\commons-digester\2.1\commons-digester-2.1.jar;C:\Users\Marvin\.m2\repository\commons-logging\commons-logging\1.1.1\commons-logging-1.1.1.jar;C:\Users\Marvin\.m2\repository\com\lowagie\itext\2.1.7.js8\itext-2.1.7.js8.jar;C:\Users\Marvin\.m2\repository\org\bouncycastle\bcprov-jdk15on\1.64\bcprov-jdk15on-1.64.jar;C:\Users\Marvin\.m2\repository\org\jfree\jcommon\1.0.23\jcommon-1.0.23.jar;C:\Users\Marvin\.m2\repository\org\jfree\jfreechart\1.0.19\jfreechart-1.0.19.jar;C:\Users\Marvin\.m2\repository\org\eclipse\jdt\ecj\3.21.0\ecj-3.21.0.jar;C:\Users\Marvin\.m2\repository\org\codehaus\castor\castor-xml\1.4.1\castor-xml-1.4.1.jar;C:\Users\Marvin\.m2\repository\org\codehaus\castor\castor-core\1.4.1\castor-core-1.4.1.jar;C:\Users\Marvin\.m2\repository\javax\inject\javax.inject\1\javax.inject-1.jar;C:\Users\Marvin\.m2\repository\com\fasterxml\jackson\core\jackson-core\2.11.2\jackson-core-2.11.2.jar;C:\Users\Marvin\.m2\repository\com\fasterxml\jackson\core\jackson-databind\2.11.2\jackson-databind-2.11.2.jar;C:\Users\Marvin\.m2\repository\com\fasterxml\jackson\core\jackson-annotations\2.11.2\jackson-annotations-2.11.2.jar;"/>
    <property name="sun.cpu.endian" value="little"/>
    <property name="user.home" value="C:\Users\Marvin"/>
    <property name="user.language" value="en"/>
    <property name="java.specification.vendor" value="Oracle Corporation"/>
    <property name="java.version.date" value="2021-04-20"/>
    <property name="java.home" value="C:\Program Files\Java\jdk-16.0.1"/>
    <property name="file.separator" value="\"/>
    <property name="basedir" value="D:\Antra\reporting_system_aws\reporting_system_aws\PDFService"/>
    <property name="java.vm.compressedOopsMode" value="Zero based"/>
    <property name="line.separator" value="&#10;"/>
    <property name="java.vm.specification.vendor" value="Oracle Corporation"/>
    <property name="java.specification.name" value="Java Platform API Specification"/>
    <property name="surefire.real.class.path" value="C:\Users\Marvin\AppData\Local\Temp\surefire3188441637469590004\surefirebooter16177618578367635206.jar"/>
    <property name="user.script" value=""/>
    <property name="sun.management.compiler" value="HotSpot 64-Bit Tiered Compilers"/>
    <property name="java.runtime.version" value="16.0.1+9-24"/>
    <property name="user.name" value="Marvin"/>
    <property name="path.separator" value=";"/>
    <property name="os.version" value="10.0"/>
    <property name="java.runtime.name" value="Java(TM) SE Runtime Environment"/>
    <property name="file.encoding" value="Cp1252"/>
    <property name="java.vm.name" value="Java HotSpot(TM) 64-Bit Server VM"/>
    <property name="localRepository" value="C:\Users\Marvin\.m2\repository"/>
    <property name="java.vendor.url.bug" value="https://bugreport.java.com/bugreport/"/>
    <property name="java.io.tmpdir" value="C:\Users\Marvin\AppData\Local\Temp\"/>
    <property name="idea.version" value="2021.1.3"/>
    <property name="java.version" value="16.0.1"/>
    <property name="user.dir" value="D:\Antra\reporting_system_aws\reporting_system_aws\PDFService"/>
    <property name="os.arch" value="amd64"/>
    <property name="java.vm.specification.name" value="Java Virtual Machine Specification"/>
    <property name="sun.os.patch.level" value=""/>
    <property name="java.library.path" value="C:\Program Files\Java\jdk-16.0.1\bin;C:\Windows\Sun\Java\bin;C:\Windows\system32;C:\Windows;C:\Program Files (x86)\VMware\VMware Player\bin\;C:\Program Files\Common Files\Oracle\Java\javapath;C:\Windows\system32;C:\Windows;C:\Windows\System32\Wbem;C:\Windows\System32\WindowsPowerShell\v1.0\;C:\Windows\System32\OpenSSH\;C:\Users\Marvin\AppData\Roaming\nvm;C:\Program Files\nodejs;C:\Users\Marvin\AppData\Local\Microsoft\WindowsApps;C:\Users\Marvin\AppData\Local\atom\bin;C:\Users\Marvin\AppData\Local\Programs\Microsoft VS Code\bin;C:\Users\Marvin\AppData\Roaming\nvm;C:\Program Files\nodejs;C:\Users\Marvin\AppData\Roaming\nvm;C:\Program Files\nodejs;C:\Program Files\Git\cmd;C:\Program Files\NVIDIA Corporation\NVIDIA NvDLISR;C:\Program Files (x86)\NVIDIA Corporation\PhysX\Common;C:\Program Files\dotnet\;C:\Program Files\MySQL\MySQL Shell 8.0\bin;C:\Program Files\MySQL\MySQL Shell 8.0\bin\;C:\Users\Marvin\AppData\Local\Programs\Python\Python38-32\Scripts\;C:\Users\Marvin\AppData\Local\Programs\Python\Python38-32\;C:\Users\Marvin\AppData\Local\Programs\Python\Python38\Scripts\;C:\Users\Marvin\AppData\Local\Programs\Python\Python38\;C:\Users\Marvin\AppData\Local\atom\bin;C:\Users\Marvin\AppData\Local\Programs\Microsoft VS Code\bin;C:\Users\Marvin\AppData\Roaming\nvm;C:\Program Files\nodejs;C:\Users\Marvin\AppData\Local\Pandoc\;C:\Program Files\JetBrains\IntelliJ IDEA 2021.1.2\bin;;C:\Users\Marvin\AppData\Local\GitHubDesktop\bin;."/>
    <property name="java.vm.info" value="mixed mode, sharing"/>
    <property name="java.vendor" value="Oracle Corporation"/>
    <property name="java.vm.version" value="16.0.1+9-24"/>
    <property name="sun.io.unicode.encoding" value="UnicodeLittle"/>
    <property name="java.class.version" value="60.0"/>
  </properties>
  <testcase name="findFile" classname="com.antra.evaluation.reporting_system.PDFTest" time="0"/>
  <testcase name="pdf" classname="com.antra.evaluation.reporting_system.PDFTest" time="0"/>
</testsuite>